<html>
<head>
<title>TestNG:  Default test</title>
<link href="../testng.css" rel="stylesheet" type="text/css" />
<link href="../my-testng.css" rel="stylesheet" type="text/css" />

<style type="text/css">
.log { display: none;} 
.stack-trace { display: none;} 
</style>
<script type="text/javascript">
<!--
function flip(e) {
  current = e.style.display;
  if (current == 'block') {
    e.style.display = 'none';
    return 0;
  }
  else {
    e.style.display = 'block';
    return 1;
  }
}

function toggleBox(szDivId, elem, msg1, msg2)
{
  var res = -1;  if (document.getElementById) {
    res = flip(document.getElementById(szDivId));
  }
  else if (document.all) {
    // this is the way old msie versions work
    res = flip(document.all[szDivId]);
  }
  if(elem) {
    if(res == 0) elem.innerHTML = msg1; else elem.innerHTML = msg2;
  }

}

function toggleAllBoxes() {
  if (document.getElementsByTagName) {
    d = document.getElementsByTagName('div');
    for (i = 0; i < d.length; i++) {
      if (d[i].className == 'log') {
        flip(d[i]);
      }
    }
  }
}

// -->
</script>

</head>
<body>
<h2 align='center'>Default test</h2><table border='1' align="center">
<tr>
<td>Tests passed/Failed/Skipped:</td><td>0/0/1</td>
</tr><tr>
<td>Started on:</td><td>Thu May 18 06:07:29 IST 2017</td>
</tr>
<tr><td>Total time:</td><td>49 seconds (49286 ms)</td>
</tr><tr>
<td>Included groups:</td><td></td>
</tr><tr>
<td>Excluded groups:</td><td></td>
</tr>
</table><p/>
<small><i>(Hover the method name to see the test class name)</i></small><p/>
<table width='100%' border='1' class='invocation-failed'>
<tr><td colspan='4' align='center'><b>FAILED CONFIGURATIONS</b></td></tr>
<tr><td><b>Test method</b></td>
<td width="30%"><b>Exception</b></td>
<td width="10%"><b>Time (seconds)</b></td>
<td><b>Instance</b></td>
</tr>
<tr>
<td title='com.interactions.AlertTwo.beforeTest()'><b>beforeTest</b><br>Test class: com.interactions.AlertTwo</td>
<td><div><pre>org.openqa.selenium.WebDriverException: Failed to connect to binary FirefoxBinary(C:\Program Files\Mozilla Firefox\firefox.exe) on port 7055; process output follows: 
png&quot;,&quot;icon64URL&quot;:null,&quot;defaultLocale&quot;:{&quot;name&quot;:&quot;Online Banking&quot;,&quot;description&quot;:null,&quot;creator&quot;:null,&quot;homepageURL&quot;:null},&quot;visible&quot;:true,&quot;active&quot;:false,&quot;userDisabled&quot;:true,&quot;appDisabled&quot;:false,&quot;descriptor&quot;:&quot;C:\\Program Files\\Kaspersky Lab\\Kaspersky Internet Security 15.0.2\\FFExt\\online_banking@kaspersky.com&quot;,&quot;installDate&quot;:1483165598116,&quot;updateDate&quot;:1483165598116,&quot;applyBackgroundUpdates&quot;:1,&quot;bootstrap&quot;:false,&quot;skinnable&quot;:false,&quot;size&quot;:366821,&quot;sourceURI&quot;:null,&quot;releaseNotesURI&quot;:null,&quot;softDisabled&quot;:false,&quot;foreignInstall&quot;:true,&quot;hasBinaryComponents&quot;:false,&quot;strictCompatibility&quot;:false,&quot;locales&quot;:[{&quot;locales&quot;:[&quot;en&quot;],&quot;name&quot;:&quot;Safe Money&quot;,&quot;description&quot;:null,&quot;creator&quot;:&quot;Kaspersky Lab&quot;,&quot;homepageURL&quot;:&quot;http://www.kaspersky.com&quot;}],&quot;targetApplications&quot;:[{&quot;id&quot;:&quot;{ec8030f7-c20a-464f-9b0e-13a3a9e97384}&quot;,&quot;minVersion&quot;:&quot;36.0&quot;,&quot;maxVersion&quot;:&quot;46.0&quot;}],&quot;targetPlatforms&quot;:[],&quot;multiprocessCompatible&quot;:false,&quot;signedState&quot;:2,&quot;seen&quot;:true,&quot;dependencies&quot;:[],&quot;hasEmbeddedWebExtension&quot;:false,&quot;mpcOptedOut&quot;:false,&quot;userPermissions&quot;:null}
1495067853990	DeferredSave.extensions.json	DEBUG	Save changes
1495067853991	addons.xpi	DEBUG	Updating database with changes to installed add-ons
1495067853991	addons.xpi-utils	DEBUG	Updating add-on states
1495067853993	addons.xpi-utils	DEBUG	Writing add-ons list
1495067853997	addons.xpi	DEBUG	Registering manifest for C:\Program Files\Mozilla Firefox\browser\features\aushelper@mozilla.org.xpi
1495067853998	addons.xpi	DEBUG	Calling bootstrap method startup on aushelper@mozilla.org version 2.0
1495067854002	addons.xpi	DEBUG	Registering manifest for C:\Program Files\Mozilla Firefox\browser\features\e10srollout@mozilla.org.xpi
1495067854005	addons.xpi	DEBUG	Calling bootstrap method startup on e10srollout@mozilla.org version 1.14
1495067854009	addons.xpi	DEBUG	Registering manifest for C:\Program Files\Mozilla Firefox\browser\features\firefox@getpocket.com.xpi
1495067854011	addons.xpi	DEBUG	Calling bootstrap method startup on firefox@getpocket.com version 1.0.5
1495067854012	addons.xpi	DEBUG	Registering manifest for C:\Program Files\Mozilla Firefox\browser\features\webcompat@mozilla.org.xpi
1495067854013	addons.xpi	DEBUG	Calling bootstrap method startup on webcompat@mozilla.org version 1.0
1495067854018	addons.manager	DEBUG	Registering shutdown blocker for XPIProvider
1495067854018	addons.manager	DEBUG	Provider finished startup: XPIProvider
1495067854018	addons.manager	DEBUG	Starting provider: LightweightThemeManager
1495067854019	addons.manager	DEBUG	Registering shutdown blocker for LightweightThemeManager
1495067854019	addons.manager	DEBUG	Provider finished startup: LightweightThemeManager
1495067854026	addons.manager	DEBUG	Starting provider: GMPProvider
1495067854055	addons.manager	DEBUG	Registering shutdown blocker for GMPProvider
1495067854057	addons.manager	DEBUG	Provider finished startup: GMPProvider
1495067854057	addons.manager	DEBUG	Starting provider: PluginProvider
1495067854057	addons.manager	DEBUG	Registering shutdown blocker for PluginProvider
1495067854057	addons.manager	DEBUG	Provider finished startup: PluginProvider
1495067854058	addons.manager	DEBUG	Completed startup sequence
1495067855700	addons.manager	DEBUG	Starting provider: &lt;unnamed-provider&gt;
1495067855701	addons.manager	DEBUG	Registering shutdown blocker for &lt;unnamed-provider&gt;
1495067855701	addons.manager	DEBUG	Provider finished startup: &lt;unnamed-provider&gt;
1495067855704	DeferredSave.extensions.json	DEBUG	Starting write
1495067856324	addons.repository	DEBUG	No addons.json found.
1495067856326	DeferredSave.addons.json	DEBUG	Save changes
1495067856334	DeferredSave.addons.json	DEBUG	Starting timer
1495067856424	addons.manager	DEBUG	Starting provider: PreviousExperimentProvider
1495067856424	addons.manager	DEBUG	Registering shutdown blocker for PreviousExperimentProvider
1495067856424	addons.manager	DEBUG	Provider finished startup: PreviousExperimentProvider
1495067856458	DeferredSave.extensions.json	DEBUG	Write succeeded
1495067856462	DeferredSave.addons.json	DEBUG	Starting write
1495067856804	DeferredSave.addons.json	DEBUG	Write succeeded

Build info: version: &apos;2.53.0&apos;, revision: &apos;35ae25b&apos;, time: &apos;2016-03-15 17:00:58&apos;
System info: host: &apos;HOME-PC&apos;, ip: &apos;192.168.0.100&apos;, os.name: &apos;Windows 7&apos;, os.arch: &apos;x86&apos;, os.version: &apos;6.1&apos;, java.version: &apos;1.8.0_91&apos;
Driver info: driver.version: FirefoxDriver
	at org.openqa.selenium.firefox.internal.NewProfileExtensionConnection.start(NewProfileExtensionConnection.java:124)
	at org.openqa.selenium.firefox.FirefoxDriver.startClient(FirefoxDriver.java:271)
	at org.openqa.selenium.remote.RemoteWebDriver.&lt;init&gt;(RemoteWebDriver.java:119)
	at org.openqa.selenium.firefox.FirefoxDriver.&lt;init&gt;(FirefoxDriver.java:218)
	at org.openqa.selenium.firefox.FirefoxDriver.&lt;init&gt;(FirefoxDriver.java:211)
	at org.openqa.selenium.firefox.FirefoxDriver.&lt;init&gt;(FirefoxDriver.java:207)
	at org.openqa.selenium.firefox.FirefoxDriver.&lt;init&gt;(FirefoxDriver.java:120)
	at com.interactions.AlertTwo.beforeTest(AlertTwo.java:18)
	at sun.reflect.NativeMethodAccessorImpl.invoke0(Native Method)
	at sun.reflect.NativeMethodAccessorImpl.invoke(Unknown Source)
	at sun.reflect.DelegatingMethodAccessorImpl.invoke(Unknown Source)
	at java.lang.reflect.Method.invoke(Unknown Source)
	at org.testng.internal.MethodInvocationHelper.invokeMethod(MethodInvocationHelper.java:85)
	at org.testng.internal.Invoker.invokeConfigurationMethod(Invoker.java:510)
	at org.testng.internal.Invoker.invokeConfigurations(Invoker.java:211)
	at org.testng.internal.Invoker.invokeConfigurations(Invoker.java:138)
	at org.testng.TestRunner.beforeRun(TestRunner.java:648)
	at org.testng.TestRunner.run(TestRunner.java:616)
	at org.testng.SuiteRunner.runTest(SuiteRunner.java:359)
	at org.testng.SuiteRunner.runSequentially(SuiteRunner.java:354)
	at org.testng.SuiteRunner.privateRun(SuiteRunner.java:312)
	at org.testng.SuiteRunner.run(SuiteRunner.java:261)
	at org.testng.SuiteRunnerWorker.runSuite(SuiteRunnerWorker.java:52)
	at org.testng.SuiteRunnerWorker.run(SuiteRunnerWorker.java:86)
	at org.testng.TestNG.runSuitesSequentially(TestNG.java:1215)
	at org.testng.TestNG.runSuitesLocally(TestNG.java:1140)
	at org.testng.TestNG.run(TestNG.java:1048)
	at org.testng.remote.AbstractRemoteTestNG.run(AbstractRemoteTestNG.java:126)
	at org.testng.remote.RemoteTestNG.initAndRun(RemoteTestNG.java:137)
	at org.testng.remote.RemoteTestNG.main(RemoteTestNG.java:58)
Caused by: org.openqa.selenium.firefox.NotConnectedException: Unable to connect to host 127.0.0.1 on port 7055 after 45000 ms. Firefox console output:
png&quot;,&quot;icon64URL&quot;:null,&quot;defaultLocale&quot;:{&quot;name&quot;:&quot;Online Banking&quot;,&quot;description&quot;:null,&quot;creator&quot;:null,&quot;homepageURL&quot;:null},&quot;visible&quot;:true,&quot;active&quot;:false,&quot;userDisabled&quot;:true,&quot;appDisabled&quot;:false,&quot;descriptor&quot;:&quot;C:\\Program Files\\Kaspersky Lab\\Kaspersky Internet Security 15.0.2\\FFExt\\online_banking@kaspersky.com&quot;,&quot;installDate&quot;:1483165598116,&quot;updateDate&quot;:1483165598116,&quot;applyBackgroundUpdates&quot;:1,&quot;bootstrap&quot;:false,&quot;skinnable&quot;:false,&quot;size&quot;:366821,&quot;sourceURI&quot;:null,&quot;releaseNotesURI&quot;:null,&quot;softDisabled&quot;:false,&quot;foreignInstall&quot;:true,&quot;hasBinaryComponents&quot;:false,&quot;strictCompatibility&quot;:false,&quot;locales&quot;:[{&quot;locales&quot;:[&quot;en&quot;],&quot;name&quot;:&quot;Safe Money&quot;,&quot;description&quot;:null,&quot;creator&quot;:&quot;Kaspersky Lab&quot;,&quot;homepageURL&quot;:&quot;http://www.kaspersky.com&quot;}],&quot;targetApplications&quot;:[{&quot;id&quot;:&quot;{ec8030f7-c20a-464f-9b0e-13a3a9e97384}&quot;,&quot;minVersion&quot;:&quot;36.0&quot;,&quot;maxVersion&quot;:&quot;46.0&quot;}],&quot;targetPlatforms&quot;:[],&quot;multiprocessCompatible&quot;:false,&quot;signedState&quot;:2,&quot;seen&quot;:true,&quot;dependencies&quot;:[],&quot;hasEmbeddedWebExtension&quot;:false,&quot;mpcOptedOut&quot;:false,&quot;userPermissions&quot;:null}
1495067853990	DeferredSave.extensions.json	DEBUG	Save changes
1495067853991	addons.xpi	DEBUG	Updating database with changes to installed add-ons
1495067853991	addons.xpi-utils	DEBUG	Updating add-on states
1495067853993	addons.xpi-utils	DEBUG	Writing add-ons list
1495067853997	addons.xpi	DEBUG	Registering manifest for C:\Program Files\Mozilla Firefox\browser\features\aushelper@mozilla.org.xpi
1495067853998	addons.xpi	DEBUG	Calling bootstrap method startup on aushelper@mozilla.org version 2.0
1495067854002	addons.xpi	DEBUG	Registering manifest for C:\Program Files\Mozilla Firefox\browser\features\e10srollout@mozilla.org.xpi
1495067854005	addons.xpi	DEBUG	Calling bootstrap method startup on e10srollout@mozilla.org version 1.14
1495067854009	addons.xpi	DEBUG	Registering manifest for C:\Program Files\Mozilla Firefox\browser\features\firefox@getpocket.com.xpi
1495067854011	addons.xpi	DEBUG	Calling bootstrap method startup on firefox@getpocket.com version 1.0.5
1495067854012	addons.xpi	DEBUG	Registering manifest for C:\Program Files\Mozilla Firefox\browser\features\webcompat@mozilla.org.xpi
1495067854013	addons.xpi	DEBUG	Calling bootstrap method startup on webcompat@mozilla.org version 1.0
1495067854018	addons.manager	DEBUG	Registering shutdown blocker for XPIProvider
1495067854018	addons.manager	DEBUG	Provider finished startup: XPIProvider
1495067854018	addons.manager	DEBUG	Starting provider: LightweightThemeManager
1495067854019	addons.manager	DEBUG	Registering shutdown blocker for LightweightThemeManager
1495067854019	addons.manager	DEBUG	Provider finished startup: LightweightThemeManager
1495067854026	addons.manager	DEBUG	Starting provider: GMPProvider
1495067854055	addons.manager	DEBUG	Registering shutdown blocker for GMPProvider
1495067854057	addons.manager	DEBUG	Provider finished startup: GMPProvider
1495067854057	addons.manager	DEBUG	Starting provider: PluginProvider
1495067854057	addons.manager	DEBUG	Registering shutdown blocker for PluginProvider
1495067854057	addons.manager	DEBUG	Provider finished startup: PluginProvider
1495067854058	addons.manager	DEBUG	Completed startup sequence
1495067855700	addons.manager	DEBUG	Starting provider: &lt;unnamed-provider&gt;
1495067855701	addons.manager	DEBUG	Registering shutdown blocker for &lt;unnamed-provider&gt;
1495067855701	addons.manager	DEBUG	Provider finished startup: &lt;unnamed-provider&gt;
1495067855704	DeferredSave.extensions.json	DEBUG	Starting write
1495067856324	addons.repository	DEBUG	No addons.json found.
1495067856326	DeferredSave.addons.json	DEBUG	Save changes
1495067856334	DeferredSave.addons.json	DEBUG	Starting timer
1495067856424	addons.manager	DEBUG	Starting provider: PreviousExperimentProvider
1495067856424	addons.manager	DEBUG	Registering shutdown blocker for PreviousExperimentProvider
1495067856424	addons.manager	DEBUG	Provider finished startup: PreviousExperimentProvider
1495067856458	DeferredSave.extensions.json	DEBUG	Write succeeded
1495067856462	DeferredSave.addons.json	DEBUG	Starting write
1495067856804	DeferredSave.addons.json	DEBUG	Write succeeded

	at org.openqa.selenium.firefox.internal.NewProfileExtensionConnection.start(NewProfileExtensionConnection.java:112)
	... 29 more
</pre></div><a href='#' onClick='toggleBox("stack-trace3227596", this, "Click to show all stack frames", "Click to hide stack frames")'>Click to show all stack frames</a>
<div class='stack-trace' id='stack-trace3227596'><pre>org.openqa.selenium.WebDriverException: Failed to connect to binary FirefoxBinary(C:\Program Files\Mozilla Firefox\firefox.exe) on port 7055; process output follows: 
png&quot;,&quot;icon64URL&quot;:null,&quot;defaultLocale&quot;:{&quot;name&quot;:&quot;Online Banking&quot;,&quot;description&quot;:null,&quot;creator&quot;:null,&quot;homepageURL&quot;:null},&quot;visible&quot;:true,&quot;active&quot;:false,&quot;userDisabled&quot;:true,&quot;appDisabled&quot;:false,&quot;descriptor&quot;:&quot;C:\\Program Files\\Kaspersky Lab\\Kaspersky Internet Security 15.0.2\\FFExt\\online_banking@kaspersky.com&quot;,&quot;installDate&quot;:1483165598116,&quot;updateDate&quot;:1483165598116,&quot;applyBackgroundUpdates&quot;:1,&quot;bootstrap&quot;:false,&quot;skinnable&quot;:false,&quot;size&quot;:366821,&quot;sourceURI&quot;:null,&quot;releaseNotesURI&quot;:null,&quot;softDisabled&quot;:false,&quot;foreignInstall&quot;:true,&quot;hasBinaryComponents&quot;:false,&quot;strictCompatibility&quot;:false,&quot;locales&quot;:[{&quot;locales&quot;:[&quot;en&quot;],&quot;name&quot;:&quot;Safe Money&quot;,&quot;description&quot;:null,&quot;creator&quot;:&quot;Kaspersky Lab&quot;,&quot;homepageURL&quot;:&quot;http://www.kaspersky.com&quot;}],&quot;targetApplications&quot;:[{&quot;id&quot;:&quot;{ec8030f7-c20a-464f-9b0e-13a3a9e97384}&quot;,&quot;minVersion&quot;:&quot;36.0&quot;,&quot;maxVersion&quot;:&quot;46.0&quot;}],&quot;targetPlatforms&quot;:[],&quot;multiprocessCompatible&quot;:false,&quot;signedState&quot;:2,&quot;seen&quot;:true,&quot;dependencies&quot;:[],&quot;hasEmbeddedWebExtension&quot;:false,&quot;mpcOptedOut&quot;:false,&quot;userPermissions&quot;:null}
1495067853990	DeferredSave.extensions.json	DEBUG	Save changes
1495067853991	addons.xpi	DEBUG	Updating database with changes to installed add-ons
1495067853991	addons.xpi-utils	DEBUG	Updating add-on states
1495067853993	addons.xpi-utils	DEBUG	Writing add-ons list
1495067853997	addons.xpi	DEBUG	Registering manifest for C:\Program Files\Mozilla Firefox\browser\features\aushelper@mozilla.org.xpi
1495067853998	addons.xpi	DEBUG	Calling bootstrap method startup on aushelper@mozilla.org version 2.0
1495067854002	addons.xpi	DEBUG	Registering manifest for C:\Program Files\Mozilla Firefox\browser\features\e10srollout@mozilla.org.xpi
1495067854005	addons.xpi	DEBUG	Calling bootstrap method startup on e10srollout@mozilla.org version 1.14
1495067854009	addons.xpi	DEBUG	Registering manifest for C:\Program Files\Mozilla Firefox\browser\features\firefox@getpocket.com.xpi
1495067854011	addons.xpi	DEBUG	Calling bootstrap method startup on firefox@getpocket.com version 1.0.5
1495067854012	addons.xpi	DEBUG	Registering manifest for C:\Program Files\Mozilla Firefox\browser\features\webcompat@mozilla.org.xpi
1495067854013	addons.xpi	DEBUG	Calling bootstrap method startup on webcompat@mozilla.org version 1.0
1495067854018	addons.manager	DEBUG	Registering shutdown blocker for XPIProvider
1495067854018	addons.manager	DEBUG	Provider finished startup: XPIProvider
1495067854018	addons.manager	DEBUG	Starting provider: LightweightThemeManager
1495067854019	addons.manager	DEBUG	Registering shutdown blocker for LightweightThemeManager
1495067854019	addons.manager	DEBUG	Provider finished startup: LightweightThemeManager
1495067854026	addons.manager	DEBUG	Starting provider: GMPProvider
1495067854055	addons.manager	DEBUG	Registering shutdown blocker for GMPProvider
1495067854057	addons.manager	DEBUG	Provider finished startup: GMPProvider
1495067854057	addons.manager	DEBUG	Starting provider: PluginProvider
1495067854057	addons.manager	DEBUG	Registering shutdown blocker for PluginProvider
1495067854057	addons.manager	DEBUG	Provider finished startup: PluginProvider
1495067854058	addons.manager	DEBUG	Completed startup sequence
1495067855700	addons.manager	DEBUG	Starting provider: &lt;unnamed-provider&gt;
1495067855701	addons.manager	DEBUG	Registering shutdown blocker for &lt;unnamed-provider&gt;
1495067855701	addons.manager	DEBUG	Provider finished startup: &lt;unnamed-provider&gt;
1495067855704	DeferredSave.extensions.json	DEBUG	Starting write
1495067856324	addons.repository	DEBUG	No addons.json found.
1495067856326	DeferredSave.addons.json	DEBUG	Save changes
1495067856334	DeferredSave.addons.json	DEBUG	Starting timer
1495067856424	addons.manager	DEBUG	Starting provider: PreviousExperimentProvider
1495067856424	addons.manager	DEBUG	Registering shutdown blocker for PreviousExperimentProvider
1495067856424	addons.manager	DEBUG	Provider finished startup: PreviousExperimentProvider
1495067856458	DeferredSave.extensions.json	DEBUG	Write succeeded
1495067856462	DeferredSave.addons.json	DEBUG	Starting write
1495067856804	DeferredSave.addons.json	DEBUG	Write succeeded

Build info: version: &apos;2.53.0&apos;, revision: &apos;35ae25b&apos;, time: &apos;2016-03-15 17:00:58&apos;
System info: host: &apos;HOME-PC&apos;, ip: &apos;192.168.0.100&apos;, os.name: &apos;Windows 7&apos;, os.arch: &apos;x86&apos;, os.version: &apos;6.1&apos;, java.version: &apos;1.8.0_91&apos;
Driver info: driver.version: FirefoxDriver
	at org.openqa.selenium.firefox.internal.NewProfileExtensionConnection.start(NewProfileExtensionConnection.java:124)
	at org.openqa.selenium.firefox.FirefoxDriver.startClient(FirefoxDriver.java:271)
	at org.openqa.selenium.remote.RemoteWebDriver.&lt;init&gt;(RemoteWebDriver.java:119)
	at org.openqa.selenium.firefox.FirefoxDriver.&lt;init&gt;(FirefoxDriver.java:218)
	at org.openqa.selenium.firefox.FirefoxDriver.&lt;init&gt;(FirefoxDriver.java:211)
	at org.openqa.selenium.firefox.FirefoxDriver.&lt;init&gt;(FirefoxDriver.java:207)
	at org.openqa.selenium.firefox.FirefoxDriver.&lt;init&gt;(FirefoxDriver.java:120)
	at com.interactions.AlertTwo.beforeTest(AlertTwo.java:18)
	at sun.reflect.NativeMethodAccessorImpl.invoke0(Native Method)
	at sun.reflect.NativeMethodAccessorImpl.invoke(Unknown Source)
	at sun.reflect.DelegatingMethodAccessorImpl.invoke(Unknown Source)
	at java.lang.reflect.Method.invoke(Unknown Source)
	at org.testng.internal.MethodInvocationHelper.invokeMethod(MethodInvocationHelper.java:85)
	at org.testng.internal.Invoker.invokeConfigurationMethod(Invoker.java:510)
	at org.testng.internal.Invoker.invokeConfigurations(Invoker.java:211)
	at org.testng.internal.Invoker.invokeConfigurations(Invoker.java:138)
	at org.testng.TestRunner.beforeRun(TestRunner.java:648)
	at org.testng.TestRunner.run(TestRunner.java:616)
	at org.testng.SuiteRunner.runTest(SuiteRunner.java:359)
	at org.testng.SuiteRunner.runSequentially(SuiteRunner.java:354)
	at org.testng.SuiteRunner.privateRun(SuiteRunner.java:312)
	at org.testng.SuiteRunner.run(SuiteRunner.java:261)
	at org.testng.SuiteRunnerWorker.runSuite(SuiteRunnerWorker.java:52)
	at org.testng.SuiteRunnerWorker.run(SuiteRunnerWorker.java:86)
	at org.testng.TestNG.runSuitesSequentially(TestNG.java:1215)
	at org.testng.TestNG.runSuitesLocally(TestNG.java:1140)
	at org.testng.TestNG.run(TestNG.java:1048)
	at org.testng.remote.AbstractRemoteTestNG.run(AbstractRemoteTestNG.java:126)
	at org.testng.remote.RemoteTestNG.initAndRun(RemoteTestNG.java:137)
	at org.testng.remote.RemoteTestNG.main(RemoteTestNG.java:58)
Caused by: org.openqa.selenium.firefox.NotConnectedException: Unable to connect to host 127.0.0.1 on port 7055 after 45000 ms. Firefox console output:
png&quot;,&quot;icon64URL&quot;:null,&quot;defaultLocale&quot;:{&quot;name&quot;:&quot;Online Banking&quot;,&quot;description&quot;:null,&quot;creator&quot;:null,&quot;homepageURL&quot;:null},&quot;visible&quot;:true,&quot;active&quot;:false,&quot;userDisabled&quot;:true,&quot;appDisabled&quot;:false,&quot;descriptor&quot;:&quot;C:\\Program Files\\Kaspersky Lab\\Kaspersky Internet Security 15.0.2\\FFExt\\online_banking@kaspersky.com&quot;,&quot;installDate&quot;:1483165598116,&quot;updateDate&quot;:1483165598116,&quot;applyBackgroundUpdates&quot;:1,&quot;bootstrap&quot;:false,&quot;skinnable&quot;:false,&quot;size&quot;:366821,&quot;sourceURI&quot;:null,&quot;releaseNotesURI&quot;:null,&quot;softDisabled&quot;:false,&quot;foreignInstall&quot;:true,&quot;hasBinaryComponents&quot;:false,&quot;strictCompatibility&quot;:false,&quot;locales&quot;:[{&quot;locales&quot;:[&quot;en&quot;],&quot;name&quot;:&quot;Safe Money&quot;,&quot;description&quot;:null,&quot;creator&quot;:&quot;Kaspersky Lab&quot;,&quot;homepageURL&quot;:&quot;http://www.kaspersky.com&quot;}],&quot;targetApplications&quot;:[{&quot;id&quot;:&quot;{ec8030f7-c20a-464f-9b0e-13a3a9e97384}&quot;,&quot;minVersion&quot;:&quot;36.0&quot;,&quot;maxVersion&quot;:&quot;46.0&quot;}],&quot;targetPlatforms&quot;:[],&quot;multiprocessCompatible&quot;:false,&quot;signedState&quot;:2,&quot;seen&quot;:true,&quot;dependencies&quot;:[],&quot;hasEmbeddedWebExtension&quot;:false,&quot;mpcOptedOut&quot;:false,&quot;userPermissions&quot;:null}
1495067853990	DeferredSave.extensions.json	DEBUG	Save changes
1495067853991	addons.xpi	DEBUG	Updating database with changes to installed add-ons
1495067853991	addons.xpi-utils	DEBUG	Updating add-on states
1495067853993	addons.xpi-utils	DEBUG	Writing add-ons list
1495067853997	addons.xpi	DEBUG	Registering manifest for C:\Program Files\Mozilla Firefox\browser\features\aushelper@mozilla.org.xpi
1495067853998	addons.xpi	DEBUG	Calling bootstrap method startup on aushelper@mozilla.org version 2.0
1495067854002	addons.xpi	DEBUG	Registering manifest for C:\Program Files\Mozilla Firefox\browser\features\e10srollout@mozilla.org.xpi
1495067854005	addons.xpi	DEBUG	Calling bootstrap method startup on e10srollout@mozilla.org version 1.14
1495067854009	addons.xpi	DEBUG	Registering manifest for C:\Program Files\Mozilla Firefox\browser\features\firefox@getpocket.com.xpi
1495067854011	addons.xpi	DEBUG	Calling bootstrap method startup on firefox@getpocket.com version 1.0.5
1495067854012	addons.xpi	DEBUG	Registering manifest for C:\Program Files\Mozilla Firefox\browser\features\webcompat@mozilla.org.xpi
1495067854013	addons.xpi	DEBUG	Calling bootstrap method startup on webcompat@mozilla.org version 1.0
1495067854018	addons.manager	DEBUG	Registering shutdown blocker for XPIProvider
1495067854018	addons.manager	DEBUG	Provider finished startup: XPIProvider
1495067854018	addons.manager	DEBUG	Starting provider: LightweightThemeManager
1495067854019	addons.manager	DEBUG	Registering shutdown blocker for LightweightThemeManager
1495067854019	addons.manager	DEBUG	Provider finished startup: LightweightThemeManager
1495067854026	addons.manager	DEBUG	Starting provider: GMPProvider
1495067854055	addons.manager	DEBUG	Registering shutdown blocker for GMPProvider
1495067854057	addons.manager	DEBUG	Provider finished startup: GMPProvider
1495067854057	addons.manager	DEBUG	Starting provider: PluginProvider
1495067854057	addons.manager	DEBUG	Registering shutdown blocker for PluginProvider
1495067854057	addons.manager	DEBUG	Provider finished startup: PluginProvider
1495067854058	addons.manager	DEBUG	Completed startup sequence
1495067855700	addons.manager	DEBUG	Starting provider: &lt;unnamed-provider&gt;
1495067855701	addons.manager	DEBUG	Registering shutdown blocker for &lt;unnamed-provider&gt;
1495067855701	addons.manager	DEBUG	Provider finished startup: &lt;unnamed-provider&gt;
1495067855704	DeferredSave.extensions.json	DEBUG	Starting write
1495067856324	addons.repository	DEBUG	No addons.json found.
1495067856326	DeferredSave.addons.json	DEBUG	Save changes
1495067856334	DeferredSave.addons.json	DEBUG	Starting timer
1495067856424	addons.manager	DEBUG	Starting provider: PreviousExperimentProvider
1495067856424	addons.manager	DEBUG	Registering shutdown blocker for PreviousExperimentProvider
1495067856424	addons.manager	DEBUG	Provider finished startup: PreviousExperimentProvider
1495067856458	DeferredSave.extensions.json	DEBUG	Write succeeded
1495067856462	DeferredSave.addons.json	DEBUG	Starting write
1495067856804	DeferredSave.addons.json	DEBUG	Write succeeded

	at org.openqa.selenium.firefox.internal.NewProfileExtensionConnection.start(NewProfileExtensionConnection.java:112)
	... 29 more
</pre></div></td>
<td>0</td>
<td>null</td></tr>
</table><p>
<table width='100%' border='1' class='invocation-skipped'>
<tr><td colspan='4' align='center'><b>SKIPPED CONFIGURATIONS</b></td></tr>
<tr><td><b>Test method</b></td>
<td width="30%"><b>Exception</b></td>
<td width="10%"><b>Time (seconds)</b></td>
<td><b>Instance</b></td>
</tr>
<tr>
<td title='com.interactions.AlertTwo.afterTest()'><b>afterTest</b><br>Test class: com.interactions.AlertTwo</td>
<td></td>
<td>0</td>
<td>null</td></tr>
</table><p>
<table width='100%' border='1' class='invocation-skipped'>
<tr><td colspan='4' align='center'><b>SKIPPED TESTS</b></td></tr>
<tr><td><b>Test method</b></td>
<td width="30%"><b>Exception</b></td>
<td width="10%"><b>Time (seconds)</b></td>
<td><b>Instance</b></td>
</tr>
<tr>
<td title='com.interactions.AlertTwo.f()'><b>f</b><br>Test class: com.interactions.AlertTwo</td>
<td></td>
<td>0</td>
<td>com.interactions.AlertTwo@174b225</td></tr>
</table><p>
</body>
</html>